# JRE version: 7.0_25-b17
# Java VM: Java HotSpot(TM) Client VM (23.25-b01 mixed mode, sharing windows-x86 )
Heap
 def new generation   total 7872K, used 3813K [0x27010000, 0x27890000, 0x2c560000)
  eden space 7040K,  46% used [0x27010000, 0x2733bcc0, 0x276f0000)
  from space 832K,  68% used [0x277c0000, 0x2784d838, 0x27890000)
  to   space 832K,   0% used [0x276f0000, 0x276f0000, 0x277c0000)
 tenured generation   total 169124K, used 164765K [0x2c560000, 0x36a89000, 0x37010000)
   the space 169124K,  97% used [0x2c560000, 0x366476c8, 0x36647800, 0x36a89000)
 compacting perm gen  total 12288K, used 6994K [0x37010000, 0x37c10000, 0x3b010000)
   the space 12288K,  56% used [0x37010000, 0x376e4a90, 0x376e4c00, 0x37c10000)
    ro space 10240K,  42% used [0x3b010000, 0x3b454240, 0x3b454400, 0x3ba10000)
    rw space 12288K,  54% used [0x3ba10000, 0x3c094d58, 0x3c094e00, 0x3c610000)
GC Heap History (10 events):
Event: 4.155 GC heap before
{Heap before GC invocations=34 (full 2):
 def new generation   total 7872K, used 7629K [0x27010000, 0x27890000, 0x2c560000)
  eden space 7040K, 100% used [0x27010000, 0x276f0000, 0x276f0000)
  from space 832K,  70% used [0x276f0000, 0x277836a8, 0x277c0000)
  to   space 832K,   0% used [0x277c0000, 0x277c0000, 0x27890000)
 tenured generation   total 169124K, used 161886K [0x2c560000, 0x36a89000, 0x37010000)
   the space 169124K,  95% used [0x2c560000, 0x36377bf8, 0x36377c00, 0x36a89000)
 compacting perm gen  total 12288K, used 6994K [0x37010000, 0x37c10000, 0x3b010000)
   the space 12288K,  56% used [0x37010000, 0x376e4a90, 0x376e4c00, 0x37c10000)
    ro space 10240K,  42% used [0x3b010000, 0x3b454240, 0x3b454400, 0x3ba10000)
    rw space 12288K,  54% used [0x3ba10000, 0x3c094d58, 0x3c094e00, 0x3c610000)
Event: 4.158 GC heap after
Heap after GC invocations=35 (full 2):
 def new generation   total 7872K, used 592K [0x27010000, 0x27890000, 0x2c560000)
  eden space 7040K,   0% used [0x27010000, 0x27010000, 0x276f0000)
  from space 832K,  71% used [0x277c0000, 0x278541a0, 0x27890000)
  to   space 832K,   0% used [0x276f0000, 0x276f0000, 0x277c0000)
 tenured generation   total 169124K, used 162476K [0x2c560000, 0x36a89000, 0x37010000)
   the space 169124K,  96% used [0x2c560000, 0x3640b108, 0x3640b200, 0x36a89000)
 compacting perm gen  total 12288K, used 6994K [0x37010000, 0x37c10000, 0x3b010000)
   the space 12288K,  56% used [0x37010000, 0x376e4a90, 0x376e4c00, 0x37c10000)
    ro space 10240K,  42% used [0x3b010000, 0x3b454240, 0x3b454400, 0x3ba10000)
    rw space 12288K,  54% used [0x3ba10000, 0x3c094d58, 0x3c094e00, 0x3c610000)
}
Event: 4.173 GC heap before
{Heap before GC invocations=35 (full 2):
 def new generation   total 7872K, used 7632K [0x27010000, 0x27890000, 0x2c560000)
  eden space 7040K, 100% used [0x27010000, 0x276f0000, 0x276f0000)
  from space 832K,  71% used [0x277c0000, 0x278541a0, 0x27890000)
  to   space 832K,   0% used [0x276f0000, 0x276f0000, 0x277c0000)
 tenured generation   total 169124K, used 162476K [0x2c560000, 0x36a89000, 0x37010000)
   the space 169124K,  96% used [0x2c560000, 0x3640b108, 0x3640b200, 0x36a89000)
 compacting perm gen  total 12288K, used 6994K [0x37010000, 0x37c10000, 0x3b010000)
   the space 12288K,  56% used [0x37010000, 0x376e4a90, 0x376e4c00, 0x37c10000)
    ro space 10240K,  42% used [0x3b010000, 0x3b454240, 0x3b454400, 0x3ba10000)
    rw space 12288K,  54% used [0x3ba10000, 0x3c094d58, 0x3c094e00, 0x3c610000)
Event: 4.176 GC heap after
Heap after GC invocations=36 (full 2):
 def new generation   total 7872K, used 602K [0x27010000, 0x27890000, 0x2c560000)
  eden space 7040K,   0% used [0x27010000, 0x27010000, 0x276f0000)
  from space 832K,  72% used [0x276f0000, 0x27786a50, 0x277c0000)
  to   space 832K,   0% used [0x277c0000, 0x277c0000, 0x27890000)
 tenured generation   total 169124K, used 163068K [0x2c560000, 0x36a89000, 0x37010000)
   the space 169124K,  96% used [0x2c560000, 0x3649f0d8, 0x3649f200, 0x36a89000)
 compacting perm gen  total 12288K, used 6994K [0x37010000, 0x37c10000, 0x3b010000)
   the space 12288K,  56% used [0x37010000, 0x376e4a90, 0x376e4c00, 0x37c10000)
    ro space 10240K,  42% used [0x3b010000, 0x3b454240, 0x3b454400, 0x3ba10000)
    rw space 12288K,  54% used [0x3ba10000, 0x3c094d58, 0x3c094e00, 0x3c610000)
}
Event: 4.192 GC heap before
{Heap before GC invocations=36 (full 2):
 def new generation   total 7872K, used 7642K [0x27010000, 0x27890000, 0x2c560000)
  eden space 7040K, 100% used [0x27010000, 0x276f0000, 0x276f0000)
  from space 832K,  72% used [0x276f0000, 0x27786a50, 0x277c0000)
  to   space 832K,   0% used [0x277c0000, 0x277c0000, 0x27890000)
 tenured generation   total 169124K, used 163068K [0x2c560000, 0x36a89000, 0x37010000)
   the space 169124K,  96% used [0x2c560000, 0x3649f0d8, 0x3649f200, 0x36a89000)
 compacting perm gen  total 12288K, used 6994K [0x37010000, 0x37c10000, 0x3b010000)
   the space 12288K,  56% used [0x37010000, 0x376e4a90, 0x376e4c00, 0x37c10000)
    ro space 10240K,  42% used [0x3b010000, 0x3b454240, 0x3b454400, 0x3ba10000)
    rw space 12288K,  54% used [0x3ba10000, 0x3c094d58, 0x3c094e00, 0x3c610000)
Event: 4.195 GC heap after
Heap after GC invocations=37 (full 2):
 def new generation   total 7872K, used 573K [0x27010000, 0x27890000, 0x2c560000)
  eden space 7040K,   0% used [0x27010000, 0x27010000, 0x276f0000)
  from space 832K,  68% used [0x277c0000, 0x2784f6b8, 0x27890000)
  to   space 832K,   0% used [0x276f0000, 0x276f0000, 0x277c0000)
 tenured generation   total 169124K, used 163670K [0x2c560000, 0x36a89000, 0x37010000)
   the space 169124K,  96% used [0x2c560000, 0x36535a40, 0x36535c00, 0x36a89000)
 compacting perm gen  total 12288K, used 6994K [0x37010000, 0x37c10000, 0x3b010000)
   the space 12288K,  56% used [0x37010000, 0x376e4a90, 0x376e4c00, 0x37c10000)
    ro space 10240K,  42% used [0x3b010000, 0x3b454240, 0x3b454400, 0x3ba10000)
    rw space 12288K,  54% used [0x3ba10000, 0x3c094d58, 0x3c094e00, 0x3c610000)
}
Event: 4.210 GC heap before
{Heap before GC invocations=37 (full 2):
 def new generation   total 7872K, used 7613K [0x27010000, 0x27890000, 0x2c560000)
  eden space 7040K, 100% used [0x27010000, 0x276f0000, 0x276f0000)
  from space 832K,  68% used [0x277c0000, 0x2784f6b8, 0x27890000)
  to   space 832K,   0% used [0x276f0000, 0x276f0000, 0x277c0000)
 tenured generation   total 169124K, used 163670K [0x2c560000, 0x36a89000, 0x37010000)
   the space 169124K,  96% used [0x2c560000, 0x36535a40, 0x36535c00, 0x36a89000)
 compacting perm gen  total 12288K, used 6994K [0x37010000, 0x37c10000, 0x3b010000)
   the space 12288K,  56% used [0x37010000, 0x376e4a90, 0x376e4c00, 0x37c10000)
    ro space 10240K,  42% used [0x3b010000, 0x3b454240, 0x3b454400, 0x3ba10000)
    rw space 12288K,  54% used [0x3ba10000, 0x3c094d58, 0x3c094e00, 0x3c610000)
Event: 4.213 GC heap after
Heap after GC invocations=38 (full 2):
 def new generation   total 7872K, used 531K [0x27010000, 0x27890000, 0x2c560000)
  eden space 7040K,   0% used [0x27010000, 0x27010000, 0x276f0000)
  from space 832K,  63% used [0x276f0000, 0x27774f98, 0x277c0000)
  to   space 832K,   0% used [0x277c0000, 0x277c0000, 0x27890000)
 tenured generation   total 169124K, used 164239K [0x2c560000, 0x36a89000, 0x37010000)
   the space 169124K,  97% used [0x2c560000, 0x365c3df0, 0x365c3e00, 0x36a89000)
 compacting perm gen  total 12288K, used 6994K [0x37010000, 0x37c10000, 0x3b010000)
   the space 12288K,  56% used [0x37010000, 0x376e4a90, 0x376e4c00, 0x37c10000)
    ro space 10240K,  42% used [0x3b010000, 0x3b454240, 0x3b454400, 0x3ba10000)
    rw space 12288K,  54% used [0x3ba10000, 0x3c094d58, 0x3c094e00, 0x3c610000)
}
Event: 4.227 GC heap before
{Heap before GC invocations=38 (full 2):
 def new generation   total 7872K, used 7571K [0x27010000, 0x27890000, 0x2c560000)
  eden space 7040K, 100% used [0x27010000, 0x276f0000, 0x276f0000)
  from space 832K,  63% used [0x276f0000, 0x27774f98, 0x277c0000)
  to   space 832K,   0% used [0x277c0000, 0x277c0000, 0x27890000)
 tenured generation   total 169124K, used 164239K [0x2c560000, 0x36a89000, 0x37010000)
   the space 169124K,  97% used [0x2c560000, 0x365c3df0, 0x365c3e00, 0x36a89000)
 compacting perm gen  total 12288K, used 6994K [0x37010000, 0x37c10000, 0x3b010000)
   the space 12288K,  56% used [0x37010000, 0x376e4a90, 0x376e4c00, 0x37c10000)
    ro space 10240K,  42% used [0x3b010000, 0x3b454240, 0x3b454400, 0x3ba10000)
    rw space 12288K,  54% used [0x3ba10000, 0x3c094d58, 0x3c094e00, 0x3c610000)
Event: 4.230 GC heap after
Heap after GC invocations=39 (full 2):
 def new generation   total 7872K, used 566K [0x27010000, 0x27890000, 0x2c560000)
  eden space 7040K,   0% used [0x27010000, 0x27010000, 0x276f0000)
  from space 832K,  68% used [0x277c0000, 0x2784d838, 0x27890000)
  to   space 832K,   0% used [0x276f0000, 0x276f0000, 0x277c0000)
 tenured generation   total 169124K, used 164765K [0x2c560000, 0x36a89000, 0x37010000)
   the space 169124K,  97% used [0x2c560000, 0x366476c8, 0x36647800, 0x36a89000)
 compacting perm gen  total 12288K, used 6994K [0x37010000, 0x37c10000, 0x3b010000)
   the space 12288K,  56% used [0x37010000, 0x376e4a90, 0x376e4c00, 0x37c10000)
    ro space 10240K,  42% used [0x3b010000, 0x3b454240, 0x3b454400, 0x3ba10000)
    rw space 12288K,  54% used [0x3ba10000, 0x3c094d58, 0x3c094e00, 0x3c610000)
}

